<?xml version="1.0" encoding="UTF-8"?>
<testsuite name="Formulario Popup Validation" tests="1" skipped="0" failures="1" errors="0" timestamp="2022-06-10T20:10:28" hostname="PT33BAQ01QA005" time="0.371">
  <properties/>
  <testcase name="Diligenciamiento exitoso del formulario Popup Validation," classname="Formulario Popup Validation" time="0.371">
    <failure message="io.cucumber.junit.UndefinedStepException: The step 'Autentico en colorlib con usuario &quot;demo&quot; y clave &quot;demo&quot;' and 3 other step(s) are undefined.&#10;You can implement these steps using the snippet(s) below:&#10;&#10;@Given(&quot;Autentico en colorlib con usuario {string} y clave {string}&quot;)&#10;public void autenticoEnColorlibConUsuarioYClave(String string, String string2) {&#10;    // Write code here that turns the phrase above into concrete actions&#10;    throw new io.cucumber.java.PendingException();&#10;}&#10;@Given(&quot;Ingreso a la funcionalidad Forms Validation&quot;)&#10;public void ingresoALaFuncionalidadFormsValidation() {&#10;    // Write code here that turns the phrase above into concrete actions&#10;    throw new io.cucumber.java.PendingException();&#10;}&#10;@When(&quot;Diligencio formulario Popup Validation&quot;)&#10;public void diligencioFormularioPopupValidation() {&#10;    // Write code here that turns the phrase above into concrete actions&#10;    throw new io.cucumber.java.PendingException();&#10;}&#10;@Then(&quot;Verifico ingreso exitoso&quot;)&#10;public void verificoIngresoExitoso() {&#10;    // Write code here that turns the phrase above into concrete actions&#10;    throw new io.cucumber.java.PendingException();&#10;}&#10;" type="io.cucumber.junit.UndefinedStepException">io.cucumber.junit.UndefinedStepException: The step 'Autentico en colorlib con usuario &quot;demo&quot; y clave &quot;demo&quot;' and 3 other step(s) are undefined.
You can implement these steps using the snippet(s) below:

@Given(&quot;Autentico en colorlib con usuario {string} y clave {string}&quot;)
public void autenticoEnColorlibConUsuarioYClave(String string, String string2) {
    // Write code here that turns the phrase above into concrete actions
    throw new io.cucumber.java.PendingException();
}
@Given(&quot;Ingreso a la funcionalidad Forms Validation&quot;)
public void ingresoALaFuncionalidadFormsValidation() {
    // Write code here that turns the phrase above into concrete actions
    throw new io.cucumber.java.PendingException();
}
@When(&quot;Diligencio formulario Popup Validation&quot;)
public void diligencioFormularioPopupValidation() {
    // Write code here that turns the phrase above into concrete actions
    throw new io.cucumber.java.PendingException();
}
@Then(&quot;Verifico ingreso exitoso&quot;)
public void verificoIngresoExitoso() {
    // Write code here that turns the phrase above into concrete actions
    throw new io.cucumber.java.PendingException();
}

</failure>
  </testcase>
  <system-out><![CDATA[]]></system-out>
  <system-err><![CDATA[[Test worker] INFO io.cucumber.core.plugin.SerenityReporter - Running feature from file:///C:/Users/olaris.medina/Desktop/Aprendiendo/Automatización/Automatizacion/src/test/resources/feature/Colorlib/Forms/PopupValidation.feature
[Test worker] WARN io.cucumber.core.plugin.SerenityReporter - Feature from file:///C:/Users/olaris.medina/Desktop/Aprendiendo/Automatización/Automatizacion/src/test/resources/feature/Colorlib/Forms/PopupValidation.feature is not under the 'features' directory. Requirements report will not be correctly generated!
[Test worker] INFO  - 
  _____   ___   ___   _____     ___   _____     _     ___   _____   ___   ___  
 |_   _| | __| / __| |_   _|   / __| |_   _|   /_\   | _ \ |_   _| | __| |   \ 
   | |   | _|  \__ \   | |     \__ \   | |    / _ \  |   /   | |   | _|  | |) |
   |_|   |___| |___/   |_|     |___/   |_|   /_/ \_\ |_|_\   |_|   |___| |___/ 

Diligenciamiento exitoso del formulario Popup Validation,(formulario-popup-validation;diligenciamiento-exitoso-del-formulario-popup-validation-)
--------------------------------------------------------------------------------
[Test worker] INFO  - 
  _____   ___   ___   _____     ___   ___   _  _   ___    ___   _  _    ___ 
 |_   _| | __| / __| |_   _|   | _ \ | __| | \| | |   \  |_ _| | \| |  / __|
   | |   | _|  \__ \   | |     |  _/ | _|  | .` | | |) |  | |  | .` | | (_ |
   |_|   |___| |___/   |_|     |_|   |___| |_|\_| |___/  |___| |_|\_|  \___|

Diligenciamiento exitoso del formulario Popup Validation,
-----------------------------------------------------------------------------
]]></system-err>
</testsuite>
